[0411/082436.337:ERROR:process_memory_win.cc(73)] ReadMemory at 0x7ff6477c0000 of 64 bytes failed: Only part of a ReadProcessMemory or WriteProcessMemory request was completed. (0x12B)
[0411/082437.287:WARNING:pe_image_reader.cc(340)] could not read dos header from C:\Program Files (x86)\Google\Chrome\Application\chrome.exe
[0411/082437.287:ERROR:process_memory_win.cc(73)] ReadMemory at 0x7ff8635d0000 of 64 bytes failed: Only part of a ReadProcessMemory or WriteProcessMemory request was completed. (0x12B)
[0411/082437.287:WARNING:pe_image_reader.cc(340)] could not read dos header from C:\Windows\SYSTEM32\ntdll.dll
[0411/082437.287:ERROR:process_memory_win.cc(73)] ReadMemory at 0x7ff862eb0000 of 64 bytes failed: Only part of a ReadProcessMemory or WriteProcessMemory request was completed. (0x12B)
[0411/082438.272:WARNING:pe_image_reader.cc(340)] could not read dos header from C:\Windows\system32\KERNEL32.DLL
[0411/082438.272:ERROR:process_memory_win.cc(73)] ReadMemory at 0x7ff860ac0000 of 64 bytes failed: Only part of a ReadProcessMemory or WriteProcessMemory request was completed. (0x12B)
[0411/082438.272:WARNING:pe_image_reader.cc(340)] could not read dos header from C:\Windows\system32\KERNELBASE.dll
[0411/082438.272:ERROR:process_memory_win.cc(73)] ReadMemory at 0x7ff847ed0000 of 64 bytes failed: Only part of a ReadProcessMemory or WriteProcessMemory request was completed. (0x12B)
[0411/082438.272:WARNING:pe_image_reader.cc(340)] could not read dos header from C:\Program Files (x86)\Google\Chrome\Application\81.0.4044.92\chrome_elf.dll
[0411/082438.272:ERROR:process_memory_win.cc(73)] ReadMemory at 0x7ff858990000 of 64 bytes failed: Only part of a ReadProcessMemory or WriteProcessMemory request was completed. (0x12B)
[0411/082438.272:WARNING:pe_image_reader.cc(340)] could not read dos header from C:\Windows\SYSTEM32\VERSION.dll
[0411/082438.272:ERROR:process_memory_win.cc(73)] ReadMemory at 0x7ff863160000 of 64 bytes failed: Only part of a ReadProcessMemory or WriteProcessMemory request was completed. (0x12B)
[0411/082438.272:WARNING:pe_image_reader.cc(340)] could not read dos header from C:\Windows\system32\msvcrt.dll
[0411/082438.272:ERROR:process_memory_win.cc(73)] ReadMemory at 0x7ff8634d0000 of 64 bytes failed: Only part of a ReadProcessMemory or WriteProcessMemory request was completed. (0x12B)
[0411/082438.272:WARNING:pe_image_reader.cc(340)] could not read dos header from C:\Windows\system32\ADVAPI32.dll
[0411/082438.273:ERROR:process_memory_win.cc(73)] ReadMemory at 0x7ff863260000 of 64 bytes failed: Only part of a ReadProcessMemory or WriteProcessMemory request was completed. (0x12B)
[0411/082438.273:WARNING:pe_image_reader.cc(340)] could not read dos header from C:\Windows\system32\sechost.dll
[0411/082438.273:ERROR:process_memory_win.cc(73)] ReadMemory at 0x7ff8632c0000 of 64 bytes failed: Only part of a ReadProcessMemory or WriteProcessMemory request was completed. (0x12B)
[0411/082438.273:WARNING:pe_image_reader.cc(340)] could not read dos header from C:\Windows\system32\RPCRT4.dll
[0411/082438.273:ERROR:process_memory_win.cc(73)] ReadMemory at 0x7ff826b00000 of 64 bytes failed: Only part of a ReadProcessMemory or WriteProcessMemory request was completed. (0x12B)
[0411/082438.273:WARNING:pe_image_reader.cc(340)] could not read dos header from C:\Program Files (x86)\Google\Chrome\Application\81.0.4044.92\chrome.dll
[0411/082438.273:ERROR:process_memory_win.cc(73)] ReadMemory at 0x7ff860db0000 of 64 bytes failed: Only part of a ReadProcessMemory or WriteProcessMemory request was completed. (0x12B)
[0411/082438.273:WARNING:pe_image_reader.cc(340)] could not read dos header from C:\Windows\system32\WS2_32.dll
[0411/082438.273:ERROR:process_memory_win.cc(73)] ReadMemory at 0x7ff862a00000 of 64 bytes failed: Only part of a ReadProcessMemory or WriteProcessMemory request was completed. (0x12B)
[0411/082438.273:WARNING:pe_image_reader.cc(340)] could not read dos header from C:\Windows\system32\NSI.dll
[0411/082438.273:ERROR:process_memory_win.cc(73)] ReadMemory at 0x7ff8627e0000 of 64 bytes failed: Only part of a ReadProcessMemory or WriteProcessMemory request was completed. (0x12B)
[0411/082438.555:WARNING:pe_image_reader.cc(340)] could not read dos header from C:\Windows\system32\OLEAUT32.dll
[0411/082438.555:ERROR:process_memory_win.cc(73)] ReadMemory at 0x7ff862c30000 of 64 bytes failed: Only part of a ReadProcessMemory or WriteProcessMemory request was completed. (0x12B)
[0411/082438.555:WARNING:pe_image_reader.cc(340)] could not read dos header from C:\Windows\system32\combase.dll
[0411/082438.555:ERROR:process_memory_win.cc(73)] ReadMemory at 0x7ff8608a0000 of 64 bytes failed: Only part of a ReadProcessMemory or WriteProcessMemory request was completed. (0x12B)
[0411/082438.555:WARNING:pe_image_reader.cc(340)] could not read dos header from C:\Windows\system32\WINTRUST.dll
[0411/082438.556:ERROR:process_memory_win.cc(73)] ReadMemory at 0x7ff860080000 of 64 bytes failed: Only part of a ReadProcessMemory or WriteProcessMemory request was completed. (0x12B)
[0411/082438.556:WARNING:pe_image_reader.cc(340)] could not read dos header from C:\Windows\system32\MSASN1.dll
[0411/082438.556:ERROR:process_memory_win.cc(73)] ReadMemory at 0x7ff8606d0000 of 64 bytes failed: Only part of a ReadProcessMemory or WriteProcessMemory request was completed. (0x12B)
[0411/082438.556:WARNING:pe_image_reader.cc(340)] could not read dos header from C:\Windows\system32\CRYPT32.dll
[0411/082438.556:ERROR:process_memory_win.cc(73)] ReadMemory at 0x7ff85b590000 of 64 bytes failed: Only part of a ReadProcessMemory or WriteProcessMemory request was completed. (0x12B)
[0411/082438.556:WARNING:pe_image_reader.cc(340)] could not read dos header from C:\Windows\SYSTEM32\IPHLPAPI.DLL
[0411/082438.556:ERROR:process_memory_win.cc(73)] ReadMemory at 0x7ff85dc70000 of 64 bytes failed: Only part of a ReadProcessMemory or WriteProcessMemory request was completed. (0x12B)
[0411/082438.556:WARNING:pe_image_reader.cc(340)] could not read dos header from C:\Windows\SYSTEM32\WINMM.dll
[0411/082438.556:ERROR:process_memory_win.cc(73)] ReadMemory at 0x7ff862a80000 of 64 bytes failed: Only part of a ReadProcessMemory or WriteProcessMemory request was completed. (0x12B)
[0411/082438.556:WARNING:pe_image_reader.cc(340)] could not read dos header from C:\Windows\system32\USER32.dll
[0411/082438.556:ERROR:process_memory_win.cc(73)] ReadMemory at 0x7ff860f70000 of 64 bytes failed: Only part of a ReadProcessMemory or WriteProcessMemory request was completed. (0x12B)
[0411/082438.556:WARNING:pe_image_reader.cc(340)] could not read dos header from C:\Windows\system32\GDI32.dll
[0411/082438.556:ERROR:process_memory_win.cc(73)] ReadMemory at 0x7ff854aa0000 of 64 bytes failed: Only part of a ReadProcessMemory or WriteProcessMemory request was completed. (0x12B)
[0411/082438.556:WARNING:pe_image_reader.cc(340)] could not read dos header from C:\Windows\SYSTEM32\Secur32.dll
[0411/082438.556:ERROR:process_memory_win.cc(73)] ReadMemory at 0x7ff85f600000 of 64 bytes failed: Only part of a ReadProcessMemory or WriteProcessMemory request was completed. (0x12B)
[0411/082438.556:WARNING:pe_image_reader.cc(340)] could not read dos header from C:\Windows\SYSTEM32\USERENV.dll
[0411/082438.556:ERROR:process_memory_win.cc(73)] ReadMemory at 0x7ff860060000 of 64 bytes failed: Only part of a ReadProcessMemory or WriteProcessMemory request was completed. (0x12B)
[0411/082438.556:WARNING:pe_image_reader.cc(340)] could not read dos header from C:\Windows\system32\profapi.dll
[0411/082438.557:ERROR:process_memory_win.cc(73)] ReadMemory at 0x7ff83afc0000 of 64 bytes failed: Only part of a ReadProcessMemory or WriteProcessMemory request was completed. (0x12B)
[0411/082438.557:WARNING:pe_image_reader.cc(340)] could not read dos header from C:\Windows\SYSTEM32\UIAutomationCore.DLL
[0411/082438.557:ERROR:process_memory_win.cc(73)] ReadMemory at 0x7ff85c3d0000 of 64 bytes failed: Only part of a ReadProcessMemory or WriteProcessMemory request was completed. (0x12B)
[0411/082438.557:WARNING:pe_image_reader.cc(340)] could not read dos header from C:\Windows\SYSTEM32\DWrite.dll
[0411/082438.557:ERROR:process_memory_win.cc(73)] ReadMemory at 0x7ff852fe0000 of 64 bytes failed: Only part of a ReadProcessMemory or WriteProcessMemory request was completed. (0x12B)
[0411/082438.557:WARNING:pe_image_reader.cc(340)] could not read dos header from C:\Windows\SYSTEM32\WINSPOOL.DRV
[0411/082438.557:ERROR:process_memory_win.cc(73)] ReadMemory at 0x7ff852980000 of 64 bytes failed: Only part of a ReadProcessMemory or WriteProcessMemory request was completed. (0x12B)
[0411/082438.557:WARNING:pe_image_reader.cc(340)] could not read dos header from C:\Windows\SYSTEM32\dbghelp.dll
[0411/082438.557:ERROR:process_memory_win.cc(73)] ReadMemory at 0x7ff858ee0000 of 64 bytes failed: Only part of a ReadProcessMemory or WriteProcessMemory request was completed. (0x12B)
[0411/082438.557:WARNING:pe_image_reader.cc(340)] could not read dos header from C:\Windows\SYSTEM32\WINHTTP.dll
[0411/082438.557:ERROR:process_memory_win.cc(73)] ReadMemory at 0x7ff859410000 of 64 bytes failed: Only part of a ReadProcessMemory or WriteProcessMemory request was completed. (0x12B)
[0411/082438.557:WARNING:pe_image_reader.cc(340)] could not read dos header from C:\Windows\SYSTEM32\dhcpcsvc.DLL
[0411/082438.557:ERROR:process_memory_win.cc(73)] ReadMemory at 0x7ff85b650000 of 64 bytes failed: Only part of a ReadProcessMemory or WriteProcessMemory request was completed. (0x12B)
[0411/082438.557:WARNING:pe_image_reader.cc(340)] could not read dos header from C:\Windows\SYSTEM32\WINNSI.DLL
[0411/082438.557:ERROR:process_memory_win.cc(73)] ReadMemory at 0x7ff85dc10000 of 64 bytes failed: Only part of a ReadProcessMemory or WriteProcessMemory request was completed. (0x12B)
[0411/082438.557:WARNING:pe_image_reader.cc(340)] could not read dos header from C:\Windows\SYSTEM32\WINMMBASE.dll
[0411/082438.557:ERROR:process_memory_win.cc(73)] ReadMemory at 0x7ff860900000 of 64 bytes failed: Only part of a ReadProcessMemory or WriteProcessMemory request was completed. (0x12B)
[0411/082438.558:WARNING:pe_image_reader.cc(340)] could not read dos header from C:\Windows\system32\cfgmgr32.dll
[0411/082438.558:ERROR:process_memory_win.cc(73)] ReadMemory at 0x7ff85fb40000 of 64 bytes failed: Only part of a ReadProcessMemory or WriteProcessMemory request was completed. (0x12B)
[0411/082438.558:WARNING:pe_image_reader.cc(340)] could not read dos header from C:\Windows\SYSTEM32\bcrypt.dll
[0411/082438.558:ERROR:process_memory_win.cc(73)] ReadMemory at 0x7ff85e970000 of 64 bytes failed: Only part of a ReadProcessMemory or WriteProcessMemory request was completed. (0x12B)
[0411/082438.558:WARNING:pe_image_reader.cc(340)] could not read dos header from C:\Windows\SYSTEM32\DEVOBJ.dll
[0411/082438.558:ERROR:process_memory_win.cc(73)] ReadMemory at 0x7ff85fc50000 of 64 bytes failed: Only part of a ReadProcessMemory or WriteProcessMemory request was completed. (0x12B)
[0411/082438.558:WARNING:pe_image_reader.cc(340)] could not read dos header from C:\Windows\SYSTEM32\SSPICLI.DLL
[0411/082438.558:ERROR:process_memory_win.cc(73)] ReadMemory at 0x7ff863590000 of 64 bytes failed: Only part of a ReadProcessMemory or WriteProcessMemory request was completed. (0x12B)
[0411/082438.558:WARNING:pe_image_reader.cc(340)] could not read dos header from C:\Windows\system32\IMM32.DLL
[0411/082438.558:ERROR:process_memory_win.cc(73)] ReadMemory at 0x7ff8628a0000 of 64 bytes failed: Only part of a ReadProcessMemory or WriteProcessMemory request was completed. (0x12B)
[0411/082438.558:WARNING:pe_image_reader.cc(340)] could not read dos header from C:\Windows\system32\MSCTF.dll
[0411/082438.558:ERROR:process_memory_win.cc(73)] ReadMemory at 0x7ff85fe50000 of 64 bytes failed: Only part of a ReadProcessMemory or WriteProcessMemory request was completed. (0x12B)
[0411/082438.558:WARNING:pe_image_reader.cc(340)] could not read dos header from C:\Windows\SYSTEM32\bcryptPrimitives.dll
[0411/082438.558:ERROR:process_memory_win.cc(73)] ReadMemory at 0x7ff85fa30000 of 64 bytes failed: Only part of a ReadProcessMemory or WriteProcessMemory request was completed. (0x12B)
[0411/082438.558:WARNING:pe_image_reader.cc(340)] could not read dos header from C:\Windows\SYSTEM32\CRYPTBASE.DLL
[0411/082438.612:ERROR:process_memory_win.cc(73)] ReadMemory at 0x7ff6477c0000 of 64 bytes failed: Only part of a ReadProcessMemory or WriteProcessMemory request was completed. (0x12B)
[0411/082438.612:WARNING:pe_image_reader.cc(340)] could not read dos header from C:\Program Files (x86)\Google\Chrome\Application\chrome.exe
[0411/082438.612:ERROR:process_memory_win.cc(73)] ReadMemory at 0x7ff8635d0000 of 64 bytes failed: Only part of a ReadProcessMemory or WriteProcessMemory request was completed. (0x12B)
[0411/082438.612:WARNING:pe_image_reader.cc(340)] could not read dos header from C:\Windows\SYSTEM32\ntdll.dll
[0411/082438.612:ERROR:process_memory_win.cc(73)] ReadMemory at 0x7ff862eb0000 of 64 bytes failed: Only part of a ReadProcessMemory or WriteProcessMemory request was completed. (0x12B)
[0411/082438.612:WARNING:pe_image_reader.cc(340)] could not read dos header from C:\Windows\system32\KERNEL32.DLL
[0411/082438.612:ERROR:process_memory_win.cc(73)] ReadMemory at 0x7ff860ac0000 of 64 bytes failed: Only part of a ReadProcessMemory or WriteProcessMemory request was completed. (0x12B)
[0411/082438.612:WARNING:pe_image_reader.cc(340)] could not read dos header from C:\Windows\system32\KERNELBASE.dll
[0411/082438.612:ERROR:process_memory_win.cc(73)] ReadMemory at 0x7ff847ed0000 of 64 bytes failed: Only part of a ReadProcessMemory or WriteProcessMemory request was completed. (0x12B)
[0411/082438.613:WARNING:pe_image_reader.cc(340)] could not read dos header from C:\Program Files (x86)\Google\Chrome\Application\81.0.4044.92\chrome_elf.dll
[0411/082438.613:ERROR:process_memory_win.cc(73)] ReadMemory at 0x7ff858990000 of 64 bytes failed: Only part of a ReadProcessMemory or WriteProcessMemory request was completed. (0x12B)
[0411/082438.613:WARNING:pe_image_reader.cc(340)] could not read dos header from C:\Windows\SYSTEM32\VERSION.dll
[0411/082438.613:ERROR:process_memory_win.cc(73)] ReadMemory at 0x7ff863160000 of 64 bytes failed: Only part of a ReadProcessMemory or WriteProcessMemory request was completed. (0x12B)
[0411/082438.613:WARNING:pe_image_reader.cc(340)] could not read dos header from C:\Windows\system32\msvcrt.dll
[0411/082438.613:ERROR:process_memory_win.cc(73)] ReadMemory at 0x7ff8634d0000 of 64 bytes failed: Only part of a ReadProcessMemory or WriteProcessMemory request was completed. (0x12B)
[0411/082438.613:WARNING:pe_image_reader.cc(340)] could not read dos header from C:\Windows\system32\ADVAPI32.dll
[0411/082438.613:ERROR:process_memory_win.cc(73)] ReadMemory at 0x7ff863260000 of 64 bytes failed: Only part of a ReadProcessMemory or WriteProcessMemory request was completed. (0x12B)
[0411/082438.613:WARNING:pe_image_reader.cc(340)] could not read dos header from C:\Windows\system32\sechost.dll
[0411/082438.613:ERROR:process_memory_win.cc(73)] ReadMemory at 0x7ff8632c0000 of 64 bytes failed: Only part of a ReadProcessMemory or WriteProcessMemory request was completed. (0x12B)
[0411/082438.613:WARNING:pe_image_reader.cc(340)] could not read dos header from C:\Windows\system32\RPCRT4.dll
[0411/082438.613:ERROR:process_memory_win.cc(73)] ReadMemory at 0x7ff826b00000 of 64 bytes failed: Only part of a ReadProcessMemory or WriteProcessMemory request was completed. (0x12B)
[0411/082438.613:WARNING:pe_image_reader.cc(340)] could not read dos header from C:\Program Files (x86)\Google\Chrome\Application\81.0.4044.92\chrome.dll
[0411/082438.613:ERROR:process_memory_win.cc(73)] ReadMemory at 0x7ff860db0000 of 64 bytes failed: Only part of a ReadProcessMemory or WriteProcessMemory request was completed. (0x12B)
[0411/082438.613:WARNING:pe_image_reader.cc(340)] could not read dos header from C:\Windows\system32\WS2_32.dll
[0411/082438.613:ERROR:process_memory_win.cc(73)] ReadMemory at 0x7ff862a00000 of 64 bytes failed: Only part of a ReadProcessMemory or WriteProcessMemory request was completed. (0x12B)
[0411/082438.613:WARNING:pe_image_reader.cc(340)] could not read dos header from C:\Windows\system32\NSI.dll
[0411/082438.613:ERROR:process_memory_win.cc(73)] ReadMemory at 0x7ff8627e0000 of 64 bytes failed: Only part of a ReadProcessMemory or WriteProcessMemory request was completed. (0x12B)
[0411/082438.614:WARNING:pe_image_reader.cc(340)] could not read dos header from C:\Windows\system32\OLEAUT32.dll
[0411/082438.614:ERROR:process_memory_win.cc(73)] ReadMemory at 0x7ff862c30000 of 64 bytes failed: Only part of a ReadProcessMemory or WriteProcessMemory request was completed. (0x12B)
[0411/082438.614:WARNING:pe_image_reader.cc(340)] could not read dos header from C:\Windows\system32\combase.dll
[0411/082438.614:ERROR:process_memory_win.cc(73)] ReadMemory at 0x7ff8608a0000 of 64 bytes failed: Only part of a ReadProcessMemory or WriteProcessMemory request was completed. (0x12B)
[0411/082438.614:WARNING:pe_image_reader.cc(340)] could not read dos header from C:\Windows\system32\WINTRUST.dll
[0411/082438.614:ERROR:process_memory_win.cc(73)] ReadMemory at 0x7ff860080000 of 64 bytes failed: Only part of a ReadProcessMemory or WriteProcessMemory request was completed. (0x12B)
[0411/082438.614:WARNING:pe_image_reader.cc(340)] could not read dos header from C:\Windows\system32\MSASN1.dll
[0411/082438.614:ERROR:process_memory_win.cc(73)] ReadMemory at 0x7ff8606d0000 of 64 bytes failed: Only part of a ReadProcessMemory or WriteProcessMemory request was completed. (0x12B)
[0411/082438.614:WARNING:pe_image_reader.cc(340)] could not read dos header from C:\Windows\system32\CRYPT32.dll
[0411/082438.614:ERROR:process_memory_win.cc(73)] ReadMemory at 0x7ff85b590000 of 64 bytes failed: Only part of a ReadProcessMemory or WriteProcessMemory request was completed. (0x12B)
[0411/082438.614:WARNING:pe_image_reader.cc(340)] could not read dos header from C:\Windows\SYSTEM32\IPHLPAPI.DLL
[0411/082438.614:ERROR:process_memory_win.cc(73)] ReadMemory at 0x7ff85dc70000 of 64 bytes failed: Only part of a ReadProcessMemory or WriteProcessMemory request was completed. (0x12B)
[0411/082438.614:WARNING:pe_image_reader.cc(340)] could not read dos header from C:\Windows\SYSTEM32\WINMM.dll
[0411/082438.614:ERROR:process_memory_win.cc(73)] ReadMemory at 0x7ff862a80000 of 64 bytes failed: Only part of a ReadProcessMemory or WriteProcessMemory request was completed. (0x12B)
[0411/082438.614:WARNING:pe_image_reader.cc(340)] could not read dos header from C:\Windows\system32\USER32.dll
[0411/082438.614:ERROR:process_memory_win.cc(73)] ReadMemory at 0x7ff860f70000 of 64 bytes failed: Only part of a ReadProcessMemory or WriteProcessMemory request was completed. (0x12B)
[0411/082438.614:WARNING:pe_image_reader.cc(340)] could not read dos header from C:\Windows\system32\GDI32.dll
[0411/082438.614:ERROR:process_memory_win.cc(73)] ReadMemory at 0x7ff854aa0000 of 64 bytes failed: Only part of a ReadProcessMemory or WriteProcessMemory request was completed. (0x12B)
[0411/082438.615:WARNING:pe_image_reader.cc(340)] could not read dos header from C:\Windows\SYSTEM32\Secur32.dll
[0411/082438.615:ERROR:process_memory_win.cc(73)] ReadMemory at 0x7ff85f600000 of 64 bytes failed: Only part of a ReadProcessMemory or WriteProcessMemory request was completed. (0x12B)
[0411/082438.615:WARNING:pe_image_reader.cc(340)] could not read dos header from C:\Windows\SYSTEM32\USERENV.dll
[0411/082438.615:ERROR:process_memory_win.cc(73)] ReadMemory at 0x7ff860060000 of 64 bytes failed: Only part of a ReadProcessMemory or WriteProcessMemory request was completed. (0x12B)
[0411/082438.615:WARNING:pe_image_reader.cc(340)] could not read dos header from C:\Windows\system32\profapi.dll
[0411/082438.615:ERROR:process_memory_win.cc(73)] ReadMemory at 0x7ff83afc0000 of 64 bytes failed: Only part of a ReadProcessMemory or WriteProcessMemory request was completed. (0x12B)
[0411/082438.615:WARNING:pe_image_reader.cc(340)] could not read dos header from C:\Windows\SYSTEM32\UIAutomationCore.DLL
[0411/082438.615:ERROR:process_memory_win.cc(73)] ReadMemory at 0x7ff85c3d0000 of 64 bytes failed: Only part of a ReadProcessMemory or WriteProcessMemory request was completed. (0x12B)
[0411/082438.615:WARNING:pe_image_reader.cc(340)] could not read dos header from C:\Windows\SYSTEM32\DWrite.dll
[0411/082438.615:ERROR:process_memory_win.cc(73)] ReadMemory at 0x7ff852fe0000 of 64 bytes failed: Only part of a ReadProcessMemory or WriteProcessMemory request was completed. (0x12B)
[0411/082438.615:WARNING:pe_image_reader.cc(340)] could not read dos header from C:\Windows\SYSTEM32\WINSPOOL.DRV
[0411/082438.615:ERROR:process_memory_win.cc(73)] ReadMemory at 0x7ff852980000 of 64 bytes failed: Only part of a ReadProcessMemory or WriteProcessMemory request was completed. (0x12B)
[0411/082438.615:WARNING:pe_image_reader.cc(340)] could not read dos header from C:\Windows\SYSTEM32\dbghelp.dll
[0411/082438.615:ERROR:process_memory_win.cc(73)] ReadMemory at 0x7ff858ee0000 of 64 bytes failed: Only part of a ReadProcessMemory or WriteProcessMemory request was completed. (0x12B)
[0411/082438.615:WARNING:pe_image_reader.cc(340)] could not read dos header from C:\Windows\SYSTEM32\WINHTTP.dll
[0411/082438.615:ERROR:process_memory_win.cc(73)] ReadMemory at 0x7ff859410000 of 64 bytes failed: Only part of a ReadProcessMemory or WriteProcessMemory request was completed. (0x12B)
[0411/082438.615:WARNING:pe_image_reader.cc(340)] could not read dos header from C:\Windows\SYSTEM32\dhcpcsvc.DLL
[0411/082438.615:ERROR:process_memory_win.cc(73)] ReadMemory at 0x7ff85b650000 of 64 bytes failed: Only part of a ReadProcessMemory or WriteProcessMemory request was completed. (0x12B)
[0411/082438.615:WARNING:pe_image_reader.cc(340)] could not read dos header from C:\Windows\SYSTEM32\WINNSI.DLL
[0411/082438.616:ERROR:process_memory_win.cc(73)] ReadMemory at 0x7ff85dc10000 of 64 bytes failed: Only part of a ReadProcessMemory or WriteProcessMemory request was completed. (0x12B)
[0411/082438.616:WARNING:pe_image_reader.cc(340)] could not read dos header from C:\Windows\SYSTEM32\WINMMBASE.dll
[0411/082438.616:ERROR:process_memory_win.cc(73)] ReadMemory at 0x7ff860900000 of 64 bytes failed: Only part of a ReadProcessMemory or WriteProcessMemory request was completed. (0x12B)
[0411/082438.616:WARNING:pe_image_reader.cc(340)] could not read dos header from C:\Windows\system32\cfgmgr32.dll
[0411/082438.616:ERROR:process_memory_win.cc(73)] ReadMemory at 0x7ff85fb40000 of 64 bytes failed: Only part of a ReadProcessMemory or WriteProcessMemory request was completed. (0x12B)
[0411/082438.616:WARNING:pe_image_reader.cc(340)] could not read dos header from C:\Windows\SYSTEM32\bcrypt.dll
[0411/082438.616:ERROR:process_memory_win.cc(73)] ReadMemory at 0x7ff85e970000 of 64 bytes failed: Only part of a ReadProcessMemory or WriteProcessMemory request was completed. (0x12B)
[0411/082438.616:WARNING:pe_image_reader.cc(340)] could not read dos header from C:\Windows\SYSTEM32\DEVOBJ.dll
[0411/082438.616:ERROR:process_memory_win.cc(73)] ReadMemory at 0x7ff85fc50000 of 64 bytes failed: Only part of a ReadProcessMemory or WriteProcessMemory request was completed. (0x12B)
[0411/082438.616:WARNING:pe_image_reader.cc(340)] could not read dos header from C:\Windows\SYSTEM32\SSPICLI.DLL
[0411/082438.616:ERROR:process_memory_win.cc(73)] ReadMemory at 0x7ff863590000 of 64 bytes failed: Only part of a ReadProcessMemory or WriteProcessMemory request was completed. (0x12B)
[0411/082438.616:WARNING:pe_image_reader.cc(340)] could not read dos header from C:\Windows\system32\IMM32.DLL
[0411/082438.616:ERROR:process_memory_win.cc(73)] ReadMemory at 0x7ff8628a0000 of 64 bytes failed: Only part of a ReadProcessMemory or WriteProcessMemory request was completed. (0x12B)
[0411/082438.616:WARNING:pe_image_reader.cc(340)] could not read dos header from C:\Windows\system32\MSCTF.dll
[0411/082438.616:ERROR:process_memory_win.cc(73)] ReadMemory at 0x7ff85fe50000 of 64 bytes failed: Only part of a ReadProcessMemory or WriteProcessMemory request was completed. (0x12B)
[0411/082438.616:WARNING:pe_image_reader.cc(340)] could not read dos header from C:\Windows\SYSTEM32\bcryptPrimitives.dll
[0411/082438.616:ERROR:process_memory_win.cc(73)] ReadMemory at 0x7ff85fa30000 of 64 bytes failed: Only part of a ReadProcessMemory or WriteProcessMemory request was completed. (0x12B)
[0411/082438.616:WARNING:pe_image_reader.cc(340)] could not read dos header from C:\Windows\SYSTEM32\CRYPTBASE.DLL
[0411/082440.591:ERROR:process_memory_win.cc(73)] ReadMemory at 0x732b684000 of 49152 bytes failed: Only part of a ReadProcessMemory or WriteProcessMemory request was completed. (0x12B)
[0411/082440.591:ERROR:process_memory_win.cc(73)] ReadMemory at 0x732de6d000 of 12288 bytes failed: Only part of a ReadProcessMemory or WriteProcessMemory request was completed. (0x12B)
[0411/082440.591:ERROR:process_memory_win.cc(73)] ReadMemory at 0x732ee6c000 of 16384 bytes failed: Only part of a ReadProcessMemory or WriteProcessMemory request was completed. (0x12B)
[0411/082440.592:ERROR:process_memory_win.cc(73)] ReadMemory at 0x732f66c000 of 16384 bytes failed: Only part of a ReadProcessMemory or WriteProcessMemory request was completed. (0x12B)
[0411/082440.592:ERROR:process_memory_win.cc(73)] ReadMemory at 0x732fe6f000 of 4096 bytes failed: Only part of a ReadProcessMemory or WriteProcessMemory request was completed. (0x12B)
[0411/082440.592:ERROR:process_memory_win.cc(73)] ReadMemory at 0x733066d000 of 12288 bytes failed: Only part of a ReadProcessMemory or WriteProcessMemory request was completed. (0x12B)
[0411/082440.592:ERROR:process_memory_win.cc(73)] ReadMemory at 0x733106b000 of 20480 bytes failed: Only part of a ReadProcessMemory or WriteProcessMemory request was completed. (0x12B)
[0411/082440.592:ERROR:process_memory_win.cc(73)] ReadMemory at 0x733286d000 of 12288 bytes failed: Only part of a ReadProcessMemory or WriteProcessMemory request was completed. (0x12B)
[0411/082440.592:ERROR:process_memory_win.cc(73)] ReadMemory at 0x733306d000 of 12288 bytes failed: Only part of a ReadProcessMemory or WriteProcessMemory request was completed. (0x12B)
[0411/082440.740:ERROR:process_memory_win.cc(73)] ReadMemory at 0x733386d000 of 12288 bytes failed: Only part of a ReadProcessMemory or WriteProcessMemory request was completed. (0x12B)
[0411/082440.740:ERROR:process_memory_win.cc(73)] ReadMemory at 0x733406d000 of 12288 bytes failed: Only part of a ReadProcessMemory or WriteProcessMemory request was completed. (0x12B)
[0411/082440.740:ERROR:process_memory_win.cc(73)] ReadMemory at 0x733516c000 of 16384 bytes failed: Only part of a ReadProcessMemory or WriteProcessMemory request was completed. (0x12B)
[0411/082440.740:ERROR:process_memory_win.cc(73)] ReadMemory at 0x7345e6d000 of 12288 bytes failed: Only part of a ReadProcessMemory or WriteProcessMemory request was completed. (0x12B)
[0411/082440.740:ERROR:process_memory_win.cc(73)] ReadMemory at 0x734666d000 of 12288 bytes failed: Only part of a ReadProcessMemory or WriteProcessMemory request was completed. (0x12B)
[0411/082440.741:ERROR:process_memory_win.cc(73)] ReadMemory at 0x732b740860 of 18224 bytes failed: Only part of a ReadProcessMemory or WriteProcessMemory request was completed. (0x12B)
[0411/082440.741:ERROR:process_memory_win.cc(73)] ReadMemory at 0x732b744fa0 of 1012 bytes failed: Only part of a ReadProcessMemory or WriteProcessMemory request was completed. (0x12B)
[0411/082440.741:ERROR:process_memory_win.cc(73)] ReadMemory at 0x732b7455b8 of 118 bytes failed: Only part of a ReadProcessMemory or WriteProcessMemory request was completed. (0x12B)
[0411/082440.741:ERROR:process_memory_win.cc(73)] ReadMemory at 0x732b745630 of 752 bytes failed: Only part of a ReadProcessMemory or WriteProcessMemory request was completed. (0x12B)
[0411/082440.741:ERROR:process_memory_win.cc(73)] ReadMemory at 0x732b745922 of 118 bytes failed: Only part of a ReadProcessMemory or WriteProcessMemory request was completed. (0x12B)
[0411/082440.741:ERROR:process_memory_win.cc(73)] ReadMemory at 0x732b74599a of 98 bytes failed: Only part of a ReadProcessMemory or WriteProcessMemory request was completed. (0x12B)
[0411/082440.741:ERROR:process_memory_win.cc(73)] ReadMemory at 0x732b745a10 of 58 bytes failed: Only part of a ReadProcessMemory or WriteProcessMemory request was completed. (0x12B)
[0411/082440.741:ERROR:process_memory_win.cc(73)] ReadMemory at 0x732b745b10 of 132 bytes failed: Only part of a ReadProcessMemory or WriteProcessMemory request was completed. (0x12B)
[0411/082440.741:ERROR:process_memory_win.cc(73)] ReadMemory at 0x732b745c90 of 132 bytes failed: Only part of a ReadProcessMemory or WriteProcessMemory request was completed. (0x12B)
[0411/082440.741:ERROR:process_memory_win.cc(73)] ReadMemory at 0x732b745e40 of 124 bytes failed: Only part of a ReadProcessMemory or WriteProcessMemory request was completed. (0x12B)
[0411/082440.741:ERROR:process_memory_win.cc(73)] ReadMemory at 0x732b7461f0 of 132 bytes failed: Only part of a ReadProcessMemory or WriteProcessMemory request was completed. (0x12B)
[0411/082440.741:ERROR:process_memory_win.cc(73)] ReadMemory at 0x732b746370 of 64 bytes failed: Only part of a ReadProcessMemory or WriteProcessMemory request was completed. (0x12B)
[0411/082440.741:ERROR:process_memory_win.cc(73)] ReadMemory at 0x732b746470 of 132 bytes failed: Only part of a ReadProcessMemory or WriteProcessMemory request was completed. (0x12B)
[0411/082440.741:ERROR:process_memory_win.cc(73)] ReadMemory at 0x732b7466b0 of 132 bytes failed: Only part of a ReadProcessMemory or WriteProcessMemory request was completed. (0x12B)
[0411/082440.741:ERROR:process_memory_win.cc(73)] ReadMemory at 0x732b746830 of 68 bytes failed: Only part of a ReadProcessMemory or WriteProcessMemory request was completed. (0x12B)
[0411/082440.741:ERROR:process_memory_win.cc(73)] ReadMemory at 0x732b747930 of 132 bytes failed: Only part of a ReadProcessMemory or WriteProcessMemory request was completed. (0x12B)
[0411/082440.741:ERROR:process_memory_win.cc(73)] ReadMemory at 0x732b747b10 of 132 bytes failed: Only part of a ReadProcessMemory or WriteProcessMemory request was completed. (0x12B)
[0411/082440.741:ERROR:process_memory_win.cc(73)] ReadMemory at 0x732b747c30 of 152 bytes failed: Only part of a ReadProcessMemory or WriteProcessMemory request was completed. (0x12B)
[0411/082440.836:ERROR:process_memory_win.cc(73)] ReadMemory at 0x732b74a570 of 144 bytes failed: Only part of a ReadProcessMemory or WriteProcessMemory request was completed. (0x12B)
[0411/082440.836:ERROR:process_memory_win.cc(73)] ReadMemory at 0x732b74a650 of 62 bytes failed: Only part of a ReadProcessMemory or WriteProcessMemory request was completed. (0x12B)
[0411/082440.837:ERROR:process_memory_win.cc(73)] ReadMemory at 0x732b74a760 of 132 bytes failed: Only part of a ReadProcessMemory or WriteProcessMemory request was completed. (0x12B)
[0411/082440.837:ERROR:process_memory_win.cc(73)] ReadMemory at 0x732b74a8e0 of 60 bytes failed: Only part of a ReadProcessMemory or WriteProcessMemory request was completed. (0x12B)
[0411/082440.837:ERROR:process_memory_win.cc(73)] ReadMemory at 0x732b74b750 of 132 bytes failed: Only part of a ReadProcessMemory or WriteProcessMemory request was completed. (0x12B)
[0411/082440.837:ERROR:process_memory_win.cc(73)] ReadMemory at 0x732b74ba90 of 132 bytes failed: Only part of a ReadProcessMemory or WriteProcessMemory request was completed. (0x12B)
[0411/082440.837:ERROR:process_memory_win.cc(73)] ReadMemory at 0x732b74eed0 of 54 bytes failed: Only part of a ReadProcessMemory or WriteProcessMemory request was completed. (0x12B)
[0411/082440.837:ERROR:process_memory_win.cc(73)] ReadMemory at 0x732b7513d0 of 58 bytes failed: Only part of a ReadProcessMemory or WriteProcessMemory request was completed. (0x12B)
[0411/082440.837:ERROR:process_memory_win.cc(73)] ReadMemory at 0x732b751420 of 60 bytes failed: Only part of a ReadProcessMemory or WriteProcessMemory request was completed. (0x12B)
[0411/082440.837:ERROR:process_memory_win.cc(73)] ReadMemory at 0x732b751470 of 64 bytes failed: Only part of a ReadProcessMemory or WriteProcessMemory request was completed. (0x12B)
[0411/082440.837:ERROR:process_memory_win.cc(73)] ReadMemory at 0x732b7514c0 of 64 bytes failed: Only part of a ReadProcessMemory or WriteProcessMemory request was completed. (0x12B)
[0411/082440.837:ERROR:process_memory_win.cc(73)] ReadMemory at 0x732b751510 of 60 bytes failed: Only part of a ReadProcessMemory or WriteProcessMemory request was completed. (0x12B)
[0411/082440.837:ERROR:process_memory_win.cc(73)] ReadMemory at 0x732b751560 of 66 bytes failed: Only part of a ReadProcessMemory or WriteProcessMemory request was completed. (0x12B)
[0411/082440.837:ERROR:process_memory_win.cc(73)] ReadMemory at 0x732b7515b0 of 62 bytes failed: Only part of a ReadProcessMemory or WriteProcessMemory request was completed. (0x12B)
[0411/082440.837:ERROR:process_memory_win.cc(73)] ReadMemory at 0x732b751600 of 62 bytes failed: Only part of a ReadProcessMemory or WriteProcessMemory request was completed. (0x12B)
[0411/082440.837:ERROR:process_memory_win.cc(73)] ReadMemory at 0x732b751650 of 60 bytes failed: Only part of a ReadProcessMemory or WriteProcessMemory request was completed. (0x12B)
[0411/082440.837:ERROR:process_memory_win.cc(73)] ReadMemory at 0x732b7516a0 of 62 bytes failed: Only part of a ReadProcessMemory or WriteProcessMemory request was completed. (0x12B)
[0411/082440.837:ERROR:process_memory_win.cc(73)] ReadMemory at 0x732b7516f0 of 58 bytes failed: Only part of a ReadProcessMemory or WriteProcessMemory request was completed. (0x12B)
[0411/082440.837:ERROR:process_memory_win.cc(73)] ReadMemory at 0x732b751740 of 64 bytes failed: Only part of a ReadProcessMemory or WriteProcessMemory request was completed. (0x12B)
[0411/082440.837:ERROR:process_memory_win.cc(73)] ReadMemory at 0x732b751790 of 62 bytes failed: Only part of a ReadProcessMemory or WriteProcessMemory request was completed. (0x12B)
[0411/082440.838:ERROR:process_memory_win.cc(73)] ReadMemory at 0x732b7517e0 of 62 bytes failed: Only part of a ReadProcessMemory or WriteProcessMemory request was completed. (0x12B)
[0411/082440.838:ERROR:process_memory_win.cc(73)] ReadMemory at 0x732b751830 of 64 bytes failed: Only part of a ReadProcessMemory or WriteProcessMemory request was completed. (0x12B)
[0411/082440.838:ERROR:process_memory_win.cc(73)] ReadMemory at 0x732b751880 of 62 bytes failed: Only part of a ReadProcessMemory or WriteProcessMemory request was completed. (0x12B)
[0411/082440.838:ERROR:process_memory_win.cc(73)] ReadMemory at 0x732b7518d0 of 64 bytes failed: Only part of a ReadProcessMemory or WriteProcessMemory request was completed. (0x12B)
[0411/082440.838:ERROR:process_memory_win.cc(73)] ReadMemory at 0x732b751920 of 64 bytes failed: Only part of a ReadProcessMemory or WriteProcessMemory request was completed. (0x12B)
[0411/082440.838:ERROR:process_memory_win.cc(73)] ReadMemory at 0x732b751970 of 60 bytes failed: Only part of a ReadProcessMemory or WriteProcessMemory request was completed. (0x12B)
[0411/082440.838:ERROR:process_memory_win.cc(73)] ReadMemory at 0x732b751a10 of 60 bytes failed: Only part of a ReadProcessMemory or WriteProcessMemory request was completed. (0x12B)
[0411/082440.838:ERROR:process_memory_win.cc(73)] ReadMemory at 0x732b751a60 of 62 bytes failed: Only part of a ReadProcessMemory or WriteProcessMemory request was completed. (0x12B)
[0411/082440.838:ERROR:process_memory_win.cc(73)] ReadMemory at 0x732b751ab0 of 62 bytes failed: Only part of a ReadProcessMemory or WriteProcessMemory request was completed. (0x12B)
[0411/082440.838:ERROR:process_memory_win.cc(73)] ReadMemory at 0x732b751b00 of 60 bytes failed: Only part of a ReadProcessMemory or WriteProcessMemory request was completed. (0x12B)
[0411/082440.838:ERROR:process_memory_win.cc(73)] ReadMemory at 0x732b751c70 of 132 bytes failed: Only part of a ReadProcessMemory or WriteProcessMemory request was completed. (0x12B)
[0411/082440.838:ERROR:process_memory_win.cc(73)] ReadMemory at 0x732b751d90 of 132 bytes failed: Only part of a ReadProcessMemory or WriteProcessMemory request was completed. (0x12B)
[0411/082440.838:ERROR:process_memory_win.cc(73)] ReadMemory at 0x732b752f20 of 132 bytes failed: Only part of a ReadProcessMemory or WriteProcessMemory request was completed. (0x12B)
[0411/082440.838:ERROR:process_memory_win.cc(73)] ReadMemory at 0x732b753040 of 132 bytes failed: Only part of a ReadProcessMemory or WriteProcessMemory request was completed. (0x12B)
[0411/082440.838:ERROR:process_memory_win.cc(73)] ReadMemory at 0x732b753160 of 132 bytes failed: Only part of a ReadProcessMemory or WriteProcessMemory request was completed. (0x12B)
[0411/082440.838:ERROR:process_memory_win.cc(73)] ReadMemory at 0x732b753a90 of 132 bytes failed: Only part of a ReadProcessMemory or WriteProcessMemory request was completed. (0x12B)
[0411/082440.838:ERROR:process_memory_win.cc(73)] ReadMemory at 0x732b753d20 of 132 bytes failed: Only part of a ReadProcessMemory or WriteProcessMemory request was completed. (0x12B)
[0411/082440.838:ERROR:process_memory_win.cc(73)] ReadMemory at 0x732b753f60 of 132 bytes failed: Only part of a ReadProcessMemory or WriteProcessMemory request was completed. (0x12B)
[0411/082440.838:ERROR:process_memory_win.cc(73)] ReadMemory at 0x732b754080 of 132 bytes failed: Only part of a ReadProcessMemory or WriteProcessMemory request was completed. (0x12B)
[0411/082440.838:ERROR:process_memory_win.cc(73)] ReadMemory at 0x732b7541a0 of 132 bytes failed: Only part of a ReadProcessMemory or WriteProcessMemory request was completed. (0x12B)
[0411/082440.838:ERROR:process_memory_win.cc(73)] ReadMemory at 0x732b7542c0 of 132 bytes failed: Only part of a ReadProcessMemory or WriteProcessMemory request was completed. (0x12B)
[0411/082440.839:ERROR:process_memory_win.cc(73)] ReadMemory at 0x732b7543e0 of 132 bytes failed: Only part of a ReadProcessMemory or WriteProcessMemory request was completed. (0x12B)
[0411/082440.839:ERROR:process_memory_win.cc(73)] ReadMemory at 0x732b754500 of 132 bytes failed: Only part of a ReadProcessMemory or WriteProcessMemory request was completed. (0x12B)
[0411/082440.839:ERROR:process_memory_win.cc(73)] ReadMemory at 0x732b754620 of 132 bytes failed: Only part of a ReadProcessMemory or WriteProcessMemory request was completed. (0x12B)
[0411/082440.839:ERROR:process_memory_win.cc(73)] ReadMemory at 0x732b754740 of 132 bytes failed: Only part of a ReadProcessMemory or WriteProcessMemory request was completed. (0x12B)
[0411/082440.839:ERROR:process_memory_win.cc(73)] ReadMemory at 0x732b754860 of 132 bytes failed: Only part of a ReadProcessMemory or WriteProcessMemory request was completed. (0x12B)
[0411/082440.839:ERROR:process_memory_win.cc(73)] ReadMemory at 0x732b754980 of 132 bytes failed: Only part of a ReadProcessMemory or WriteProcessMemory request was completed. (0x12B)
[0411/082440.839:ERROR:process_memory_win.cc(73)] ReadMemory at 0x732b754aa0 of 132 bytes failed: Only part of a ReadProcessMemory or WriteProcessMemory request was completed. (0x12B)
[0411/082440.839:ERROR:process_memory_win.cc(73)] ReadMemory at 0x732b7574a0 of 132 bytes failed: Only part of a ReadProcessMemory or WriteProcessMemory request was completed. (0x12B)
[0411/082440.839:ERROR:process_memory_win.cc(73)] ReadMemory at 0x732b7575c0 of 132 bytes failed: Only part of a ReadProcessMemory or WriteProcessMemory request was completed. (0x12B)
[0411/082440.839:ERROR:process_memory_win.cc(73)] ReadMemory at 0x732b7576e0 of 132 bytes failed: Only part of a ReadProcessMemory or WriteProcessMemory request was completed. (0x12B)
[0411/082440.839:ERROR:process_memory_win.cc(73)] ReadMemory at 0x732b757800 of 132 bytes failed: Only part of a ReadProcessMemory or WriteProcessMemory request was completed. (0x12B)
[0411/082440.839:ERROR:process_memory_win.cc(73)] ReadMemory at 0x732b757c80 of 132 bytes failed: Only part of a ReadProcessMemory or WriteProcessMemory request was completed. (0x12B)
[0411/082440.839:ERROR:process_memory_win.cc(73)] ReadMemory at 0x732b757da0 of 132 bytes failed: Only part of a ReadProcessMemory or WriteProcessMemory request was completed. (0x12B)
[0411/082440.839:ERROR:process_memory_win.cc(73)] ReadMemory at 0x732b757ec0 of 132 bytes failed: Only part of a ReadProcessMemory or WriteProcessMemory request was completed. (0x12B)
[0411/082440.839:ERROR:process_memory_win.cc(73)] ReadMemory at 0x732b757fe0 of 132 bytes failed: Only part of a ReadProcessMemory or WriteProcessMemory request was completed. (0x12B)
[0411/082440.839:ERROR:process_memory_win.cc(73)] ReadMemory at 0x732b758a00 of 132 bytes failed: Only part of a ReadProcessMemory or WriteProcessMemory request was completed. (0x12B)
[0411/082440.840:ERROR:process_memory_win.cc(73)] ReadMemory at 0x732b758c40 of 132 bytes failed: Only part of a ReadProcessMemory or WriteProcessMemory request was completed. (0x12B)
[0411/082440.840:ERROR:process_memory_win.cc(73)] ReadMemory at 0x732b758fa0 of 132 bytes failed: Only part of a ReadProcessMemory or WriteProcessMemory request was completed. (0x12B)
[0411/082440.840:ERROR:process_memory_win.cc(73)] ReadMemory at 0x732b759300 of 132 bytes failed: Only part of a ReadProcessMemory or WriteProcessMemory request was completed. (0x12B)
[0411/082440.840:ERROR:process_memory_win.cc(73)] ReadMemory at 0x732b7594b0 of 80 bytes failed: Only part of a ReadProcessMemory or WriteProcessMemory request was completed. (0x12B)
[0411/082440.853:ERROR:process_memory_win.cc(73)] ReadMemory at 0x732b75a1d0 of 80 bytes failed: Only part of a ReadProcessMemory or WriteProcessMemory request was completed. (0x12B)
[0411/082440.853:ERROR:process_memory_win.cc(73)] ReadMemory at 0x732b75c980 of 60 bytes failed: Only part of a ReadProcessMemory or WriteProcessMemory request was completed. (0x12B)
[0411/082440.853:ERROR:process_memory_win.cc(73)] ReadMemory at 0x732b75ccf0 of 62 bytes failed: Only part of a ReadProcessMemory or WriteProcessMemory request was completed. (0x12B)
[0411/082440.854:ERROR:process_memory_win.cc(73)] ReadMemory at 0x732b75ce80 of 64 bytes failed: Only part of a ReadProcessMemory or WriteProcessMemory request was completed. (0x12B)
[0411/082440.854:ERROR:process_memory_win.cc(73)] ReadMemory at 0x732b75cf70 of 58 bytes failed: Only part of a ReadProcessMemory or WriteProcessMemory request was completed. (0x12B)
[0411/082440.854:ERROR:process_memory_win.cc(73)] ReadMemory at 0x732b75d010 of 60 bytes failed: Only part of a ReadProcessMemory or WriteProcessMemory request was completed. (0x12B)
[0411/082440.854:ERROR:process_memory_win.cc(73)] ReadMemory at 0x732b75d4c0 of 58 bytes failed: Only part of a ReadProcessMemory or WriteProcessMemory request was completed. (0x12B)
[0411/082440.882:ERROR:process_memory_win.cc(73)] ReadMemory at 0x732b762a60 of 512 bytes failed: Only part of a ReadProcessMemory or WriteProcessMemory request was completed. (0x12B)
[0411/082440.882:ERROR:process_memory_win.cc(73)] ReadMemory at 0x732b763220 of 512 bytes failed: Only part of a ReadProcessMemory or WriteProcessMemory request was completed. (0x12B)
[0411/082440.882:ERROR:process_memory_win.cc(73)] ReadMemory at 0x732ba90d00 of 512 bytes failed: Only part of a ReadProcessMemory or WriteProcessMemory request was completed. (0x12B)
[0411/082440.882:ERROR:process_memory_win.cc(73)] ReadMemory at 0x732c025b10 of 512 bytes failed: Only part of a ReadProcessMemory or WriteProcessMemory request was completed. (0x12B)
[0411/082440.882:ERROR:process_memory_win.cc(73)] ReadMemory at 0x732c058878 of 512 bytes failed: Only part of a ReadProcessMemory or WriteProcessMemory request was completed. (0x12B)
[0411/082440.882:ERROR:process_memory_win.cc(73)] ReadMemory at 0x732c06c150 of 512 bytes failed: Only part of a ReadProcessMemory or WriteProcessMemory request was completed. (0x12B)
[0411/082440.882:ERROR:process_memory_win.cc(73)] ReadMemory at 0x732c0757c0 of 512 bytes failed: Only part of a ReadProcessMemory or WriteProcessMemory request was completed. (0x12B)
[0411/082440.882:ERROR:process_memory_win.cc(73)] ReadMemory at 0x732c079510 of 512 bytes failed: Only part of a ReadProcessMemory or WriteProcessMemory request was completed. (0x12B)
[0411/082440.882:ERROR:process_memory_win.cc(73)] ReadMemory at 0x732c082db0 of 512 bytes failed: Only part of a ReadProcessMemory or WriteProcessMemory request was completed. (0x12B)
[0411/082440.882:ERROR:process_memory_win.cc(73)] ReadMemory at 0x732c098e40 of 512 bytes failed: Only part of a ReadProcessMemory or WriteProcessMemory request was completed. (0x12B)
[0411/082440.882:ERROR:process_memory_win.cc(73)] ReadMemory at 0x732c09f8f0 of 712 bytes failed: Only part of a ReadProcessMemory or WriteProcessMemory request was completed. (0x12B)
[0411/082440.882:ERROR:process_memory_win.cc(73)] ReadMemory at 0x732c0b6090 of 512 bytes failed: Only part of a ReadProcessMemory or WriteProcessMemory request was completed. (0x12B)
[0411/082440.883:ERROR:process_memory_win.cc(73)] ReadMemory at 0x733068c5f0 of 512 bytes failed: Only part of a ReadProcessMemory or WriteProcessMemory request was completed. (0x12B)
[0411/082440.883:ERROR:process_memory_win.cc(73)] ReadMemory at 0x733070bdc0 of 512 bytes failed: Only part of a ReadProcessMemory or WriteProcessMemory request was completed. (0x12B)
[0411/082440.883:ERROR:process_memory_win.cc(73)] ReadMemory at 0x73307f8910 of 512 bytes failed: Only part of a ReadProcessMemory or WriteProcessMemory request was completed. (0x12B)
[0411/082440.883:ERROR:process_memory_win.cc(73)] ReadMemory at 0x7330816fb0 of 512 bytes failed: Only part of a ReadProcessMemory or WriteProcessMemory request was completed. (0x12B)
[0411/082440.883:ERROR:process_memory_win.cc(73)] ReadMemory at 0x7331141a40 of 704 bytes failed: Only part of a ReadProcessMemory or WriteProcessMemory request was completed. (0x12B)
[0411/082440.883:ERROR:process_memory_win.cc(73)] ReadMemory at 0x733e45f6e0 of 512 bytes failed: Only part of a ReadProcessMemory or WriteProcessMemory request was completed. (0x12B)
[0411/082440.883:ERROR:process_memory_win.cc(73)] ReadMemory at 0x7342f8b1c0 of 512 bytes failed: Only part of a ReadProcessMemory or WriteProcessMemory request was completed. (0x12B)
[0411/082440.883:ERROR:process_memory_win.cc(73)] ReadMemory at 0x57c982a218c0 of 512 bytes failed: Only part of a ReadProcessMemory or WriteProcessMemory request was completed. (0x12B)
[0411/082440.883:ERROR:process_memory_win.cc(73)] ReadMemory at 0x6577e65618c0 of 512 bytes failed: Only part of a ReadProcessMemory or WriteProcessMemory request was completed. (0x12B)
[0411/082440.883:ERROR:process_memory_win.cc(73)] ReadMemory at 0x711700000000 of 384 bytes failed: Only part of a ReadProcessMemory or WriteProcessMemory request was completed. (0x12B)
[0411/082440.883:ERROR:process_memory_win.cc(73)] ReadMemory at 0x7117860b7f81 of 512 bytes failed: Only part of a ReadProcessMemory or WriteProcessMemory request was completed. (0x12B)
[0411/082440.883:ERROR:process_memory_win.cc(73)] ReadMemory at 0x7ff64694c000 of 6024 bytes failed: Only part of a ReadProcessMemory or WriteProcessMemory request was completed. (0x12B)
[0411/082440.883:ERROR:process_memory_win.cc(73)] ReadMemory at 0x7ff64694e000 of 6024 bytes failed: Only part of a ReadProcessMemory or WriteProcessMemory request was completed. (0x12B)
[0411/082440.883:ERROR:process_memory_win.cc(73)] ReadMemory at 0x7ff646950000 of 6024 bytes failed: Only part of a ReadProcessMemory or WriteProcessMemory request was completed. (0x12B)
[0411/082440.883:ERROR:process_memory_win.cc(73)] ReadMemory at 0x7ff646952000 of 6024 bytes failed: Only part of a ReadProcessMemory or WriteProcessMemory request was completed. (0x12B)
[0411/082440.883:ERROR:process_memory_win.cc(73)] ReadMemory at 0x7ff646954000 of 6024 bytes failed: Only part of a ReadProcessMemory or WriteProcessMemory request was completed. (0x12B)
[0411/082440.883:ERROR:process_memory_win.cc(73)] ReadMemory at 0x7ff646956000 of 6024 bytes failed: Only part of a ReadProcessMemory or WriteProcessMemory request was completed. (0x12B)
[0411/082440.884:ERROR:process_memory_win.cc(73)] ReadMemory at 0x7ff646958000 of 6024 bytes failed: Only part of a ReadProcessMemory or WriteProcessMemory request was completed. (0x12B)
[0411/082440.884:ERROR:process_memory_win.cc(73)] ReadMemory at 0x7ff64695c000 of 6024 bytes failed: Only part of a ReadProcessMemory or WriteProcessMemory request was completed. (0x12B)
[0411/082440.884:ERROR:process_memory_win.cc(73)] ReadMemory at 0x7ff64695e000 of 6024 bytes failed: Only part of a ReadProcessMemory or WriteProcessMemory request was completed. (0x12B)
[0411/082440.884:ERROR:process_memory_win.cc(73)] ReadMemory at 0x7ff646a83000 of 6024 bytes failed: Only part of a ReadProcessMemory or WriteProcessMemory request was completed. (0x12B)
[0411/082440.884:ERROR:process_memory_win.cc(73)] ReadMemory at 0x7ff646a85000 of 6024 bytes failed: Only part of a ReadProcessMemory or WriteProcessMemory request was completed. (0x12B)
[0411/082440.884:ERROR:process_memory_win.cc(73)] ReadMemory at 0x7ff646a87000 of 6024 bytes failed: Only part of a ReadProcessMemory or WriteProcessMemory request was completed. (0x12B)
[0411/082440.884:ERROR:process_memory_win.cc(73)] ReadMemory at 0x7ff646a8b000 of 852 bytes failed: Only part of a ReadProcessMemory or WriteProcessMemory request was completed. (0x12B)
[0411/082440.884:ERROR:process_memory_win.cc(73)] ReadMemory at 0x7ff646a8c000 of 6024 bytes failed: Only part of a ReadProcessMemory or WriteProcessMemory request was completed. (0x12B)
[0411/082440.884:ERROR:process_memory_win.cc(73)] ReadMemory at 0x7ff646a8e000 of 6024 bytes failed: Only part of a ReadProcessMemory or WriteProcessMemory request was completed. (0x12B)
[0411/082440.884:ERROR:process_memory_win.cc(73)] ReadMemory at 0x7ff826b00000 of 384 bytes failed: Only part of a ReadProcessMemory or WriteProcessMemory request was completed. (0x12B)
[0411/082440.884:ERROR:process_memory_win.cc(73)] ReadMemory at 0x7ff826b06216 of 512 bytes failed: Only part of a ReadProcessMemory or WriteProcessMemory request was completed. (0x12B)
[0411/082440.884:ERROR:process_memory_win.cc(73)] ReadMemory at 0x7ff826b766c1 of 512 bytes failed: Only part of a ReadProcessMemory or WriteProcessMemory request was completed. (0x12B)
[0411/082440.884:ERROR:process_memory_win.cc(73)] ReadMemory at 0x7ff82869cc33 of 512 bytes failed: Only part of a ReadProcessMemory or WriteProcessMemory request was completed. (0x12B)
[0411/082440.884:ERROR:process_memory_win.cc(73)] ReadMemory at 0x7ff828c5da9c of 512 bytes failed: Only part of a ReadProcessMemory or WriteProcessMemory request was completed. (0x12B)
[0411/082440.884:ERROR:process_memory_win.cc(73)] ReadMemory at 0x7ff8291b859c of 512 bytes failed: Only part of a ReadProcessMemory or WriteProcessMemory request was completed. (0x12B)
[0411/082440.884:ERROR:process_memory_win.cc(73)] ReadMemory at 0x7ff82d27d7d2 of 512 bytes failed: Only part of a ReadProcessMemory or WriteProcessMemory request was completed. (0x12B)
[0411/082440.884:ERROR:process_memory_win.cc(73)] ReadMemory at 0x7ff860aea148 of 512 bytes failed: Only part of a ReadProcessMemory or WriteProcessMemory request was completed. (0x12B)
[0411/082440.884:ERROR:process_memory_win.cc(73)] ReadMemory at 0x7ff863608fc0 of 512 bytes failed: Only part of a ReadProcessMemory or WriteProcessMemory request was completed. (0x12B)
[0411/082440.884:ERROR:process_memory_win.cc(73)] ReadMemory at 0x7ff86360aa50 of 512 bytes failed: Only part of a ReadProcessMemory or WriteProcessMemory request was completed. (0x12B)
[0411/082440.885:ERROR:process_memory_win.cc(73)] ReadMemory at 0x7ff86360b620 of 512 bytes failed: Only part of a ReadProcessMemory or WriteProcessMemory request was completed. (0x12B)
[0411/082440.885:ERROR:process_memory_win.cc(73)] ReadMemory at 0x7ff8636634ba of 592 bytes failed: Only part of a ReadProcessMemory or WriteProcessMemory request was completed. (0x12B)
[0411/082440.885:ERROR:process_memory_win.cc(73)] ReadMemory at 0x7ff8636637ba of 512 bytes failed: Only part of a ReadProcessMemory or WriteProcessMemory request was completed. (0x12B)
[0411/082440.885:ERROR:process_memory_win.cc(73)] ReadMemory at 0x7ff863664faa of 560 bytes failed: Only part of a ReadProcessMemory or WriteProcessMemory request was completed. (0x12B)
[0411/082440.885:ERROR:process_memory_win.cc(73)] ReadMemory at 0x7ff8636da640 of 18 bytes failed: Only part of a ReadProcessMemory or WriteProcessMemory request was completed. (0x12B)
[0411/082440.885:ERROR:process_memory_win.cc(73)] ReadMemory at 0x7ff8637120b0 of 40 bytes failed: Only part of a ReadProcessMemory or WriteProcessMemory request was completed. (0x12B)
[0411/082440.885:ERROR:process_memory_win.cc(73)] ReadMemory at 0x7ff863712c28 of 48 bytes failed: Only part of a ReadProcessMemory or WriteProcessMemory request was completed. (0x12B)
[0411/082440.885:ERROR:process_memory_win.cc(73)] ReadMemory at 0x7ff8637151c0 of 64 bytes failed: Only part of a ReadProcessMemory or WriteProcessMemory request was completed. (0x12B)
[0411/082440.888:ERROR:scoped_process_suspend.cc(40)] NtResumeProcess: An attempt was made to access an exiting process. (0xc000010a)
